[debug] [2020-12-05T06:52:17.611Z] ----------------------------------------------------------------------
[debug] [2020-12-05T06:52:17.614Z] Command:       C:\Program Files\nodejs\node.exe C:\Users\lucas\AppData\Roaming\npm\node_modules\firebase-tools\lib\bin\firebase.js emulators:start
[debug] [2020-12-05T06:52:17.614Z] CLI Version:   8.16.2
[debug] [2020-12-05T06:52:17.614Z] Platform:      win32
[debug] [2020-12-05T06:52:17.614Z] Node Version:  v14.7.0
[debug] [2020-12-05T06:52:17.655Z] Time:          Sat Dec 05 2020 03:52:17 GMT-0300 (Brasilia Standard Time)
[debug] [2020-12-05T06:52:17.656Z] ----------------------------------------------------------------------
[debug] [2020-12-05T06:52:17.656Z] 
[debug] [2020-12-05T06:52:17.703Z] > command requires scopes: ["email","openid","https://www.googleapis.com/auth/cloudplatformprojects.readonly","https://www.googleapis.com/auth/firebase","https://www.googleapis.com/auth/cloud-platform"]
[debug] [2020-12-05T06:52:17.704Z] > authorizing via signed-in user
[info] i  emulators: Starting emulators: functions, hosting {"metadata":{"emulator":{"name":"hub"},"message":"Starting emulators: functions, hosting"}}
[debug] [2020-12-05T06:52:19.737Z] [hub] writing locator at C:\Users\lucas\AppData\Local\Temp\hub-ecommerce-project-f0c3b.json
[warn] !  functions: The following emulators are not running, calls to these services from the Functions emulator will affect production: auth, firestore, database, pubsub {"metadata":{"emulator":{"name":"functions"},"message":"The following emulators are not running, calls to these services from the Functions emulator will affect production: \u001b[1mauth, firestore, database, pubsub\u001b[22m"}}
[warn] !  Your requested "node" version "12" doesn't match your global version "14" {"metadata":{"emulator":{"name":"functions"},"message":"Your requested \"node\" version \"12\" doesn't match your global version \"14\""}}
[debug] [2020-12-05T06:52:22.292Z] defaultcredentials: writing to file C:\Users\lucas\AppData\Roaming\firebase\lucas_paoleschi_gmail.com_application_default_credentials.json
[debug] [2020-12-05T06:52:22.295Z] Setting GAC to C:\Users\lucas\AppData\Roaming\firebase\lucas_paoleschi_gmail.com_application_default_credentials.json {"metadata":{"emulator":{"name":"functions"},"message":"Setting GAC to C:\\Users\\lucas\\AppData\\Roaming\\firebase\\lucas_paoleschi_gmail.com_application_default_credentials.json"}}
[debug] [2020-12-05T06:52:24.305Z] > refreshing access token with scopes: ["email","https://www.googleapis.com/auth/cloud-platform","https://www.googleapis.com/auth/cloudplatformprojects.readonly","https://www.googleapis.com/auth/firebase","openid"]
[debug] [2020-12-05T06:52:24.306Z] >>> HTTP REQUEST POST https://www.googleapis.com/oauth2/v3/token  
 <request body omitted>
[debug] [2020-12-05T06:52:24.533Z] <<< HTTP RESPONSE 200 {"date":"Sat, 05 Dec 2020 06:52:24 GMT","expires":"Mon, 01 Jan 1990 00:00:00 GMT","cache-control":"no-cache, no-store, max-age=0, must-revalidate","pragma":"no-cache","content-type":"application/json; charset=utf-8","vary":"X-Origin, Referer, Origin,Accept-Encoding","server":"scaffolding on HTTPServer2","x-xss-protection":"0","x-frame-options":"SAMEORIGIN","x-content-type-options":"nosniff","alt-svc":"h3-29=\":443\"; ma=2592000,h3-T051=\":443\"; ma=2592000,h3-Q050=\":443\"; ma=2592000,h3-Q046=\":443\"; ma=2592000,h3-Q043=\":443\"; ma=2592000,quic=\":443\"; ma=2592000; v=\"46,43\"","accept-ranges":"none","transfer-encoding":"chunked"}
[debug] [2020-12-05T06:52:25.714Z] >>> HTTP REQUEST GET https://firebase.googleapis.com/v1beta1/projects/ecommerce-project-f0c3b/webApps/-/config  
 
[debug] [2020-12-05T06:52:27.104Z] <<< HTTP RESPONSE 200 {"content-type":"application/json; charset=UTF-8","vary":"X-Origin, Referer, Origin,Accept-Encoding","date":"Sat, 05 Dec 2020 06:52:27 GMT","server":"ESF","cache-control":"private","x-xss-protection":"0","x-frame-options":"SAMEORIGIN","x-content-type-options":"nosniff","alt-svc":"h3-29=\":443\"; ma=2592000,h3-T051=\":443\"; ma=2592000,h3-Q050=\":443\"; ma=2592000,h3-Q046=\":443\"; ma=2592000,h3-Q043=\":443\"; ma=2592000,quic=\":443\"; ma=2592000; v=\"46,43\"","accept-ranges":"none","transfer-encoding":"chunked"}
[info] i  hosting: Serving hosting files from: build {"metadata":{"emulator":{"name":"hosting"},"message":"Serving hosting files from: \u001b[1mbuild\u001b[22m"}}
[info] +  hosting: Local server: http://localhost:5000 {"metadata":{"emulator":{"name":"hosting"},"message":"Local server: \u001b[4m\u001b[1mhttp://localhost:5000\u001b[22m\u001b[24m"}}
[warn] !  ui: Emulator UI unable to start on port 4000, starting on 4006 instead. {"metadata":{"emulator":{"name":"ui"},"message":"Emulator UI unable to start on port 4000, starting on 4006 instead."}}
[debug] [2020-12-05T06:52:29.685Z] Ignoring unsupported arg: auto_download {"metadata":{"emulator":{"name":"ui"},"message":"Ignoring unsupported arg: auto_download"}}
[debug] [2020-12-05T06:52:29.685Z] Ignoring unsupported arg: port {"metadata":{"emulator":{"name":"ui"},"message":"Ignoring unsupported arg: port"}}
[debug] [2020-12-05T06:52:29.685Z] Starting Emulator UI with command {"binary":"node","args":["C:\\Users\\lucas\\.cache\\firebase\\emulators\\ui-v1.2.2\\server.bundle.js"],"optionalArgs":[],"joinArgs":false} {"metadata":{"emulator":{"name":"ui"},"message":"Starting Emulator UI with command {\"binary\":\"node\",\"args\":[\"C:\\\\Users\\\\lucas\\\\.cache\\\\firebase\\\\emulators\\\\ui-v1.2.2\\\\server.bundle.js\"],\"optionalArgs\":[],\"joinArgs\":false}"}}
[info] i  ui: Emulator UI logging to ui-debug.log {"metadata":{"emulator":{"name":"ui"},"message":"Emulator UI logging to \u001b[1mui-debug.log\u001b[22m"}}
[debug] [2020-12-05T06:52:29.969Z] Web / API server started at http://localhost:4006
 {"metadata":{"emulator":{"name":"ui"},"message":"Web / API server started at http://localhost:4006\n"}}
[info] i  functions: Watching "C:\Users\lucas\Desktop\JS\ecommerce-project\ecommerce-frontend\functions" for Cloud Functions... {"metadata":{"emulator":{"name":"functions"},"message":"Watching \"C:\\Users\\lucas\\Desktop\\JS\\ecommerce-project\\ecommerce-frontend\\functions\" for Cloud Functions..."}}
[debug] [2020-12-05T06:52:30.245Z] [worker-pool] addWorker(~diagnostic~) {"metadata":{"emulator":{"name":"functions"},"message":"[worker-pool] addWorker(~diagnostic~)"}}
[debug] [2020-12-05T06:52:30.247Z] [worker-pool] Adding worker with key ~diagnostic~, total=1 {"metadata":{"emulator":{"name":"functions"},"message":"[worker-pool] Adding worker with key ~diagnostic~, total=1"}}
[debug] [2020-12-05T06:52:30.248Z] [worker-pool] submitWork(triggerId=) {"metadata":{"emulator":{"name":"functions"},"message":"[worker-pool] submitWork(triggerId=)"}}
[debug] [2020-12-05T06:52:30.248Z] [worker-~diagnostic~-f972998b-bf8b-4d0f-b9c1-5d725f7671cb]: Assigning socketPath: \\?\pipe\C:\Users\lucas\Desktop\JS\ecommerce-project\ecommerce-frontend\functions\17284 {"metadata":{"emulator":{"name":"functions"},"message":"[worker-~diagnostic~-f972998b-bf8b-4d0f-b9c1-5d725f7671cb]: Assigning socketPath: \\\\?\\pipe\\C:\\Users\\lucas\\Desktop\\JS\\ecommerce-project\\ecommerce-frontend\\functions\\17284"}}
[debug] [2020-12-05T06:52:30.249Z] [worker-~diagnostic~-f972998b-bf8b-4d0f-b9c1-5d725f7671cb]: BUSY {"metadata":{"emulator":{"name":"functions"},"message":"[worker-~diagnostic~-f972998b-bf8b-4d0f-b9c1-5d725f7671cb]: BUSY"}}
